This is pdfTeX, Version 3.141592653-2.6-1.40.24 (MiKTeX 22.7) (preloaded format=pdflatex 2022.7.24)  24 JUL 2022 13:03
entering extended mode
 restricted \write18 enabled.
 %&-line parsing enabled.
**./practica1.tex
(practica1.tex
LaTeX2e <2022-06-01> patch level 5
L3 programming layer <2022-07-04> (C:\Users\jipm1\AppData\Local\Programs\MiKTeX
\tex/latex/base\article.cls
Document Class: article 2021/10/04 v1.4n Standard LaTeX document class
(C:\Users\jipm1\AppData\Local\Programs\MiKTeX\tex/latex/base\size10.clo
File: size10.clo 2021/10/04 v1.4n Standard LaTeX file (size option)
)
\c@part=\count185
\c@section=\count186
\c@subsection=\count187
\c@subsubsection=\count188
\c@paragraph=\count189
\c@subparagraph=\count190
\c@figure=\count191
\c@table=\count192
\abovecaptionskip=\skip47
\belowcaptionskip=\skip48
\bibindent=\dimen138
) (C:\Users\jipm1\AppData\Local\Programs\MiKTeX\tex/latex/amsmath\amsmath.sty
Package: amsmath 2022/04/08 v2.17n AMS math features
\@mathmargin=\skip49
For additional information on amsmath, use the `?' option.
(C:\Users\jipm1\AppData\Local\Programs\MiKTeX\tex/latex/amsmath\amstext.sty
Package: amstext 2021/08/26 v2.01 AMS text
(C:\Users\jipm1\AppData\Local\Programs\MiKTeX\tex/latex/amsmath\amsgen.sty
File: amsgen.sty 1999/11/30 v2.0 generic functions
\@emptytoks=\toks16
\ex@=\dimen139
)) (C:\Users\jipm1\AppData\Local\Programs\MiKTeX\tex/latex/amsmath\amsbsy.sty
Package: amsbsy 1999/11/29 v1.2d Bold Symbols
\pmbraise@=\dimen140
) (C:\Users\jipm1\AppData\Local\Programs\MiKTeX\tex/latex/amsmath\amsopn.sty
Package: amsopn 2022/04/08 v2.04 operator names
)
\inf@bad=\count193
LaTeX Info: Redefining \frac on input line 234.
\uproot@=\count194
\leftroot@=\count195
LaTeX Info: Redefining \overline on input line 399.
LaTeX Info: Redefining \colon on input line 410.
\classnum@=\count196
\DOTSCASE@=\count197
LaTeX Info: Redefining \ldots on input line 496.
LaTeX Info: Redefining \dots on input line 499.
LaTeX Info: Redefining \cdots on input line 620.
\Mathstrutbox@=\box51
\strutbox@=\box52
LaTeX Info: Redefining \big on input line 722.
LaTeX Info: Redefining \Big on input line 723.
LaTeX Info: Redefining \bigg on input line 724.
LaTeX Info: Redefining \Bigg on input line 725.
\big@size=\dimen141
LaTeX Font Info:    Redeclaring font encoding OML on input line 743.
LaTeX Font Info:    Redeclaring font encoding OMS on input line 744.
\macc@depth=\count198
LaTeX Info: Redefining \bmod on input line 905.
LaTeX Info: Redefining \pmod on input line 910.
LaTeX Info: Redefining \smash on input line 940.
LaTeX Info: Redefining \relbar on input line 970.
LaTeX Info: Redefining \Relbar on input line 971.
\c@MaxMatrixCols=\count199
\dotsspace@=\muskip16
\c@parentequation=\count266
\dspbrk@lvl=\count267
\tag@help=\toks17
\row@=\count268
\column@=\count269
\maxfields@=\count270
\andhelp@=\toks18
\eqnshift@=\dimen142
\alignsep@=\dimen143
\tagshift@=\dimen144
\tagwidth@=\dimen145
\totwidth@=\dimen146
\lineht@=\dimen147
\@envbody=\toks19
\multlinegap=\skip50
\multlinetaggap=\skip51
\mathdisplay@stack=\toks20
LaTeX Info: Redefining \[ on input line 2953.
LaTeX Info: Redefining \] on input line 2954.
) (C:\Users\jipm1\AppData\Local\Programs\MiKTeX\tex/latex/amsfonts\amssymb.sty
Package: amssymb 2013/01/14 v3.01 AMS font symbols
(C:\Users\jipm1\AppData\Local\Programs\MiKTeX\tex/latex/amsfonts\amsfonts.sty
Package: amsfonts 2013/01/14 v3.01 Basic AMSFonts support
\symAMSa=\mathgroup4
\symAMSb=\mathgroup5
LaTeX Font Info:    Redeclaring math symbol \hbar on input line 98.
LaTeX Font Info:    Overwriting math alphabet `\mathfrak' in version `bold'
(Font)                  U/euf/m/n --> U/euf/b/n on input line 106.
)) (C:\Users\jipm1\AppData\Local\Programs\MiKTeX\tex/latex/lm\lmodern.sty
Package: lmodern 2015/05/01 v1.6.1 Latin Modern Fonts
LaTeX Font Info:    Overwriting symbol font `operators' in version `normal'
(Font)                  OT1/cmr/m/n --> OT1/lmr/m/n on input line 22.
LaTeX Font Info:    Overwriting symbol font `letters' in version `normal'
(Font)                  OML/cmm/m/it --> OML/lmm/m/it on input line 23.
LaTeX Font Info:    Overwriting symbol font `symbols' in version `normal'
(Font)                  OMS/cmsy/m/n --> OMS/lmsy/m/n on input line 24.
LaTeX Font Info:    Overwriting symbol font `largesymbols' in version `normal'
(Font)                  OMX/cmex/m/n --> OMX/lmex/m/n on input line 25.
LaTeX Font Info:    Overwriting symbol font `operators' in version `bold'
(Font)                  OT1/cmr/bx/n --> OT1/lmr/bx/n on input line 26.
LaTeX Font Info:    Overwriting symbol font `letters' in version `bold'
(Font)                  OML/cmm/b/it --> OML/lmm/b/it on input line 27.
LaTeX Font Info:    Overwriting symbol font `symbols' in version `bold'
(Font)                  OMS/cmsy/b/n --> OMS/lmsy/b/n on input line 28.
LaTeX Font Info:    Overwriting symbol font `largesymbols' in version `bold'
(Font)                  OMX/cmex/m/n --> OMX/lmex/m/n on input line 29.
LaTeX Font Info:    Overwriting math alphabet `\mathbf' in version `normal'
(Font)                  OT1/cmr/bx/n --> OT1/lmr/bx/n on input line 31.
LaTeX Font Info:    Overwriting math alphabet `\mathsf' in version `normal'
(Font)                  OT1/cmss/m/n --> OT1/lmss/m/n on input line 32.
LaTeX Font Info:    Overwriting math alphabet `\mathit' in version `normal'
(Font)                  OT1/cmr/m/it --> OT1/lmr/m/it on input line 33.
LaTeX Font Info:    Overwriting math alphabet `\mathtt' in version `normal'
(Font)                  OT1/cmtt/m/n --> OT1/lmtt/m/n on input line 34.
LaTeX Font Info:    Overwriting math alphabet `\mathbf' in version `bold'
(Font)                  OT1/cmr/bx/n --> OT1/lmr/bx/n on input line 35.
LaTeX Font Info:    Overwriting math alphabet `\mathsf' in version `bold'
(Font)                  OT1/cmss/bx/n --> OT1/lmss/bx/n on input line 36.
LaTeX Font Info:    Overwriting math alphabet `\mathit' in version `bold'
(Font)                  OT1/cmr/bx/it --> OT1/lmr/bx/it on input line 37.
LaTeX Font Info:    Overwriting math alphabet `\mathtt' in version `bold'
(Font)                  OT1/cmtt/m/n --> OT1/lmtt/m/n on input line 38.
) (C:\Users\jipm1\AppData\Local\Programs\MiKTeX\tex/generic/iftex\iftex.sty
Package: iftex 2022/02/03 v1.0f TeX engine tests
) (C:\Users\jipm1\AppData\Local\Programs\MiKTeX\tex/latex/base\fontenc.sty
Package: fontenc 2021/04/29 v2.0v Standard LaTeX package
LaTeX Font Info:    Trying to load font information for T1+lmr on input line 11
2.
(C:\Users\jipm1\AppData\Local\Programs\MiKTeX\tex/latex/lm\t1lmr.fd
File: t1lmr.fd 2015/05/01 v1.6.1 Font defs for Latin Modern
)) (C:\Users\jipm1\AppData\Local\Programs\MiKTeX\tex/latex/base\inputenc.sty
Package: inputenc 2021/02/14 v1.3d Input encoding file
\inpenc@prehook=\toks21
\inpenc@posthook=\toks22
) (C:\Users\jipm1\AppData\Local\Programs\MiKTeX\tex/latex/base\textcomp.sty
Package: textcomp 2020/02/02 v2.0n Standard LaTeX package
) (C:\Users\jipm1\AppData\Local\Programs\MiKTeX\tex/latex/upquote\upquote.sty
Package: upquote 2012/04/19 v1.3 upright-quote and grave-accent glyphs in verba
tim
)
(C:\Users\jipm1\AppData\Local\Programs\MiKTeX\tex/latex/microtype\microtype.sty
Package: microtype 2022/06/23 v3.0f Micro-typographical refinements (RS)
(C:\Users\jipm1\AppData\Local\Programs\MiKTeX\tex/latex/graphics\keyval.sty
Package: keyval 2022/05/29 v1.15 key=value parser (DPC)
\KV@toks@=\toks23
) (C:\Users\jipm1\AppData\Local\Programs\MiKTeX\tex/latex/etoolbox\etoolbox.sty
Package: etoolbox 2020/10/05 v2.5k e-TeX tools for LaTeX (JAW)
\etb@tempcnta=\count271
)
\MT@toks=\toks24
\MT@tempbox=\box53
\MT@count=\count272
LaTeX Info: Redefining \noprotrusionifhmode on input line 1045.
LaTeX Info: Redefining \leftprotrusion on input line 1046.
LaTeX Info: Redefining \rightprotrusion on input line 1056.
LaTeX Info: Redefining \textls on input line 1234.
\MT@outer@kern=\dimen148
LaTeX Info: Redefining \textmicrotypecontext on input line 1858.
\MT@listname@count=\count273

(C:\Users\jipm1\AppData\Local\Programs\MiKTeX\tex/latex/microtype\microtype-pdf
tex.def
File: microtype-pdftex.def 2022/06/23 v3.0f Definitions specific to pdftex (RS)

LaTeX Info: Redefining \lsstyle on input line 900.
LaTeX Info: Redefining \lslig on input line 900.
\MT@outer@space=\skip52
)
Package microtype Info: Loading configuration file microtype.cfg.

(C:\Users\jipm1\AppData\Local\Programs\MiKTeX\tex/latex/microtype\microtype.cfg
File: microtype.cfg 2022/06/23 v3.0f microtype main configuration file (RS)
)) (C:\Users\jipm1\AppData\Local\Programs\MiKTeX\tex/latex/parskip\parskip.sty
Package: parskip 2021-03-14 v2.0h non-zero parskip adjustments

(C:\Users\jipm1\AppData\Local\Programs\MiKTeX\tex/latex/kvoptions\kvoptions.sty
Package: kvoptions 2022-06-15 v3.15 Key value format for package options (HO)
(C:\Users\jipm1\AppData\Local\Programs\MiKTeX\tex/generic/ltxcmds\ltxcmds.sty
Package: ltxcmds 2020-05-10 v1.25 LaTeX kernel commands for general use (HO)
)
(C:\Users\jipm1\AppData\Local\Programs\MiKTeX\tex/generic/kvsetkeys\kvsetkeys.s
ty
Package: kvsetkeys 2019/12/15 v1.18 Key value parser (HO)
))) (C:\Users\jipm1\AppData\Local\Programs\MiKTeX\tex/latex/xcolor\xcolor.sty
Package: xcolor 2022/06/12 v2.14 LaTeX color extensions (UK)
(C:\Users\jipm1\AppData\Local\Programs\MiKTeX\tex/latex/graphics-cfg\color.cfg
File: color.cfg 2016/01/02 v1.6 sample color configuration
)
Package xcolor Info: Driver file: pdftex.def on input line 227.

(C:\Users\jipm1\AppData\Local\Programs\MiKTeX\tex/latex/graphics-def\pdftex.def
File: pdftex.def 2020/10/05 v1.2a Graphics/color driver for pdftex
)
(C:\Users\jipm1\AppData\Local\Programs\MiKTeX\tex/latex-dev/graphics\mathcolor.
ltx)
Package xcolor Info: Model `cmy' substituted by `cmy0' on input line 1353.
Package xcolor Info: Model `hsb' substituted by `rgb' on input line 1357.
Package xcolor Info: Model `RGB' extended on input line 1369.
Package xcolor Info: Model `HTML' substituted by `rgb' on input line 1371.
Package xcolor Info: Model `Hsb' substituted by `hsb' on input line 1372.
Package xcolor Info: Model `tHsb' substituted by `hsb' on input line 1373.
Package xcolor Info: Model `HSB' substituted by `hsb' on input line 1374.
Package xcolor Info: Model `Gray' substituted by `gray' on input line 1375.
Package xcolor Info: Model `wave' substituted by `hsb' on input line 1376.
) (C:\Users\jipm1\AppData\Local\Programs\MiKTeX\tex/latex/xurl\xurl.sty
Package: xurl 2022/01/09 v 0.10 modify URL breaks
(C:\Users\jipm1\AppData\Local\Programs\MiKTeX\tex/latex/url\url.sty
\Urlmuskip=\muskip17
Package: url 2013/09/16  ver 3.4  Verb mode for urls, etc.
)) (C:\Users\jipm1\AppData\Local\Programs\MiKTeX\tex/latex/bookmark\bookmark.st
y
Package: bookmark 2020-11-06 v1.29 PDF bookmarks (HO)
(C:\Users\jipm1\AppData\Local\Programs\MiKTeX\tex/latex/hyperref\hyperref.sty
Package: hyperref 2022-06-20 v7.00s Hypertext links for LaTeX

(C:\Users\jipm1\AppData\Local\Programs\MiKTeX\tex/generic/pdftexcmds\pdftexcmds
.sty
Package: pdftexcmds 2020-06-27 v0.33 Utility functions of pdfTeX for LuaTeX (HO
)

(C:\Users\jipm1\AppData\Local\Programs\MiKTeX\tex/generic/infwarerr\infwarerr.s
ty
Package: infwarerr 2019/12/03 v1.5 Providing info/warning/error messages (HO)
)
Package pdftexcmds Info: \pdf@primitive is available.
Package pdftexcmds Info: \pdf@ifprimitive is available.
Package pdftexcmds Info: \pdfdraftmode found.
)
(C:\Users\jipm1\AppData\Local\Programs\MiKTeX\tex/generic/kvdefinekeys\kvdefine
keys.sty
Package: kvdefinekeys 2019-12-19 v1.6 Define keys (HO)
)
(C:\Users\jipm1\AppData\Local\Programs\MiKTeX\tex/generic/pdfescape\pdfescape.s
ty
Package: pdfescape 2019/12/09 v1.15 Implements pdfTeX's escape features (HO)
) (C:\Users\jipm1\AppData\Local\Programs\MiKTeX\tex/latex/hycolor\hycolor.sty
Package: hycolor 2020-01-27 v1.10 Color options for hyperref/bookmark (HO)
)
(C:\Users\jipm1\AppData\Local\Programs\MiKTeX\tex/latex/letltxmacro\letltxmacro
.sty
Package: letltxmacro 2019/12/03 v1.6 Let assignment for LaTeX macros (HO)
) (C:\Users\jipm1\AppData\Local\Programs\MiKTeX\tex/latex/auxhook\auxhook.sty
Package: auxhook 2019-12-17 v1.6 Hooks for auxiliary files (HO)
) (C:\Users\jipm1\AppData\Local\Programs\MiKTeX\tex/latex/hyperref\nameref.sty
Package: nameref 2022-05-17 v2.50 Cross-referencing by name of section
(C:\Users\jipm1\AppData\Local\Programs\MiKTeX\tex/latex/refcount\refcount.sty
Package: refcount 2019/12/15 v3.6 Data extraction from label references (HO)
)
(C:\Users\jipm1\AppData\Local\Programs\MiKTeX\tex/generic/gettitlestring\gettit
lestring.sty
Package: gettitlestring 2019/12/15 v1.6 Cleanup title references (HO)
)
\c@section@level=\count274
)
\@linkdim=\dimen149
\Hy@linkcounter=\count275
\Hy@pagecounter=\count276
(C:\Users\jipm1\AppData\Local\Programs\MiKTeX\tex/latex/hyperref\pd1enc.def
File: pd1enc.def 2022-06-20 v7.00s Hyperref: PDFDocEncoding definition (HO)
Now handling font encoding PD1 ...
... no UTF-8 mapping file for font encoding PD1
) (C:\Users\jipm1\AppData\Local\Programs\MiKTeX\tex/generic/intcalc\intcalc.sty
Package: intcalc 2019/12/15 v1.3 Expandable calculations with integers (HO)
)
(C:\Users\jipm1\AppData\Local\Programs\MiKTeX\tex/generic/etexcmds\etexcmds.sty
Package: etexcmds 2019/12/15 v1.7 Avoid name clashes with e-TeX commands (HO)
)
\Hy@SavedSpaceFactor=\count277
(C:\Users\jipm1\AppData\Local\Programs\MiKTeX\tex/latex/hyperref\puenc.def
File: puenc.def 2022-06-20 v7.00s Hyperref: PDF Unicode definition (HO)
Now handling font encoding PU ...
... no UTF-8 mapping file for font encoding PU
)
Package hyperref Info: Option `unicode' set `true' on input line 4045.
Package hyperref Info: Hyper figures OFF on input line 4162.
Package hyperref Info: Link nesting OFF on input line 4167.
Package hyperref Info: Hyper index ON on input line 4170.
Package hyperref Info: Plain pages OFF on input line 4177.
Package hyperref Info: Backreferencing OFF on input line 4182.
Package hyperref Info: Implicit mode ON; LaTeX internals redefined.
Package hyperref Info: Bookmarks ON on input line 4408.
\c@Hy@tempcnt=\count278
LaTeX Info: Redefining \url on input line 4746.
\XeTeXLinkMargin=\dimen150
(C:\Users\jipm1\AppData\Local\Programs\MiKTeX\tex/generic/bitset\bitset.sty
Package: bitset 2019/12/09 v1.3 Handle bit-vector datatype (HO)

(C:\Users\jipm1\AppData\Local\Programs\MiKTeX\tex/generic/bigintcalc\bigintcalc
.sty
Package: bigintcalc 2019/12/15 v1.5 Expandable calculations on big integers (HO
)
))
\Fld@menulength=\count279
\Field@Width=\dimen151
\Fld@charsize=\dimen152
Package hyperref Info: Hyper figures OFF on input line 6024.
Package hyperref Info: Link nesting OFF on input line 6029.
Package hyperref Info: Hyper index ON on input line 6032.
Package hyperref Info: backreferencing OFF on input line 6039.
Package hyperref Info: Link coloring OFF on input line 6044.
Package hyperref Info: Link coloring with OCG OFF on input line 6049.
Package hyperref Info: PDF/A mode OFF on input line 6054.
(C:\Users\jipm1\AppData\Local\Programs\MiKTeX\tex/latex/base\atbegshi-ltx.sty
Package: atbegshi-ltx 2021/01/10 v1.0c Emulation of the original atbegshi
package with kernel methods
)
\Hy@abspage=\count280
\c@Item=\count281
\c@Hfootnote=\count282
)
Package hyperref Info: Driver (autodetected): hpdftex.
(C:\Users\jipm1\AppData\Local\Programs\MiKTeX\tex/latex/hyperref\hpdftex.def
File: hpdftex.def 2022-06-20 v7.00s Hyperref driver for pdfTeX
(C:\Users\jipm1\AppData\Local\Programs\MiKTeX\tex/latex/base\atveryend-ltx.sty
Package: atveryend-ltx 2020/08/19 v1.0a Emulation of the original atveryend pac
kage
with kernel methods
)
\Fld@listcount=\count283
\c@bookmark@seq@number=\count284

(C:\Users\jipm1\AppData\Local\Programs\MiKTeX\tex/latex/rerunfilecheck\rerunfil
echeck.sty
Package: rerunfilecheck 2022-07-10 v1.10 Rerun checks for auxiliary files (HO)

(C:\Users\jipm1\AppData\Local\Programs\MiKTeX\tex/generic/uniquecounter\uniquec
ounter.sty
Package: uniquecounter 2019/12/15 v1.4 Provide unlimited unique counter (HO)
)
Package uniquecounter Info: New unique counter `rerunfilecheck' on input line 2
85.
)
\Hy@SectionHShift=\skip53
)
(C:\Users\jipm1\AppData\Local\Programs\MiKTeX\tex/latex/bookmark\bkm-pdftex.def
File: bkm-pdftex.def 2020-11-06 v1.29 bookmark driver for pdfTeX (HO)
\BKM@id=\count285
)) (C:\Users\jipm1\AppData\Local\Programs\MiKTeX\tex/latex/fancyvrb\fancyvrb.st
y
Package: fancyvrb 2022/06/06 4.5 verbatim text (tvz,hv)
\FV@CodeLineNo=\count286
\FV@InFile=\read2
\FV@TabBox=\box54
\c@FancyVerbLine=\count287
\FV@StepNumber=\count288
\FV@OutFile=\write3
) (C:\Users\jipm1\AppData\Local\Programs\MiKTeX\tex/latex/framed\framed.sty
Package: framed 2011/10/22 v 0.96: framed or shaded text with page breaks
\OuterFrameSep=\skip54
\fb@frw=\dimen153
\fb@frh=\dimen154
\FrameRule=\dimen155
\FrameSep=\dimen156
) (C:\Users\jipm1\AppData\Local\Programs\MiKTeX\tex/latex/tools\longtable.sty
Package: longtable 2021-09-01 v4.17 Multi-page Table package (DPC)
\LTleft=\skip55
\LTright=\skip56
\LTpre=\skip57
\LTpost=\skip58
\LTchunksize=\count289
\LTcapwidth=\dimen157
\LT@head=\box55
\LT@firsthead=\box56
\LT@foot=\box57
\LT@lastfoot=\box58
\LT@gbox=\box59
\LT@cols=\count290
\LT@rows=\count291
\c@LT@tables=\count292
\c@LT@chunks=\count293
\LT@p@ftn=\toks25
) (C:\Users\jipm1\AppData\Local\Programs\MiKTeX\tex/latex/booktabs\booktabs.sty
Package: booktabs 2020/01/12 v1.61803398 Publication quality tables
\heavyrulewidth=\dimen158
\lightrulewidth=\dimen159
\cmidrulewidth=\dimen160
\belowrulesep=\dimen161
\belowbottomsep=\dimen162
\aboverulesep=\dimen163
\abovetopsep=\dimen164
\cmidrulesep=\dimen165
\cmidrulekern=\dimen166
\defaultaddspace=\dimen167
\@cmidla=\count294
\@cmidlb=\count295
\@aboverulesep=\dimen168
\@belowrulesep=\dimen169
\@thisruleclass=\count296
\@lastruleclass=\count297
\@thisrulewidth=\dimen170
) (C:\Users\jipm1\AppData\Local\Programs\MiKTeX\tex/latex/tools\array.sty
Package: array 2021/10/04 v2.5f Tabular extension package (FMi)
\col@sep=\dimen171
\ar@mcellbox=\box60
\extrarowheight=\dimen172
\NC@list=\toks26
\extratabsurround=\skip59
\backup@length=\skip60
\ar@cellbox=\box61
) (C:\Users\jipm1\AppData\Local\Programs\MiKTeX\tex/latex/tools\calc.sty
Package: calc 2017/05/25 v4.3 Infix arithmetic (KKT,FJ)
\calc@Acount=\count298
\calc@Bcount=\count299
\calc@Adimen=\dimen173
\calc@Bdimen=\dimen174
\calc@Askip=\skip61
\calc@Bskip=\skip62
LaTeX Info: Redefining \setlength on input line 80.
LaTeX Info: Redefining \addtolength on input line 81.
\calc@Ccount=\count300
\calc@Cskip=\skip63
)
(C:\Users\jipm1\AppData\Local\Programs\MiKTeX\tex/latex/footnotehyper\footnoteh
yper.sty
Package: footnotehyper 2021/08/13 v1.1e hyperref aware footnote.sty (JFB)
\FNH@notes=\box62
\FNH@width=\dimen175
\FNH@toks=\toks27
) (C:\Users\jipm1\AppData\Local\Programs\MiKTeX\tex/latex/graphics\graphicx.sty
Package: graphicx 2021/09/16 v1.2d Enhanced LaTeX Graphics (DPC,SPQR)
(C:\Users\jipm1\AppData\Local\Programs\MiKTeX\tex/latex/graphics\graphics.sty
Package: graphics 2022/03/10 v1.4e Standard LaTeX Graphics (DPC,SPQR)
(C:\Users\jipm1\AppData\Local\Programs\MiKTeX\tex/latex/graphics\trig.sty
Package: trig 2021/08/11 v1.11 sin cos tan (DPC)
)
(C:\Users\jipm1\AppData\Local\Programs\MiKTeX\tex/latex/graphics-cfg\graphics.c
fg
File: graphics.cfg 2016/06/04 v1.11 sample graphics configuration
)
Package graphics Info: Driver file: pdftex.def on input line 107.
)
\Gin@req@height=\dimen176
\Gin@req@width=\dimen177
) (C:\Users\jipm1\AppData\Local\Programs\MiKTeX\tex/generic/babel\babel.sty
Package: babel 2022/06/26 3.77 The Babel package
\babel@savecnt=\count301
\U@D=\dimen178
\l@unhyphenated=\language84
(C:\Users\jipm1\AppData\Local\Programs\MiKTeX\tex/generic/babel\txtbabel.def)
\bbl@readstream=\read3
\bbl@dirlevel=\count302
*************************************
* Local config file bblopts.cfg used
*
(C:\Users\jipm1\AppData\Local\Programs\MiKTeX\tex/latex/arabi\bblopts.cfg
File: bblopts.cfg 2005/09/08 v0.1 add Arabic and Farsi to "declared" options of
 babel
)
Package babel Info: You haven't specified a language. I'll use 'nil'
(babel)             as the main language. Reported on input line 4409.
(C:\Users\jipm1\AppData\Local\Programs\MiKTeX\tex/generic/babel\nil.ldf
Language: nil 2022/06/26 3.77 Nil language
\l@nil=\language85
))
\everypar=\toks28

(C:\Users\jipm1\AppData\Local\Programs\MiKTeX\tex/generic/babel/locale/es\babel
-spanish.tex)
Package babel Info: Importing data for spanish
(babel)             from babel-es.ini. Reported on input line 117.
Package babel Info: Hyphen rules for 'spanish' set to \l@spanish
(babel)             (\language70). Reported on input line 117.
(C:\Users\jipm1\AppData\Local\Programs\MiKTeX\tex/latex/caption\caption.sty
Package: caption 2022/03/01 v3.6b Customizing captions (AR)
(C:\Users\jipm1\AppData\Local\Programs\MiKTeX\tex/latex/caption\caption3.sty
Package: caption3 2022/03/17 v2.3b caption3 kernel (AR)
\caption@tempdima=\dimen179
\captionmargin=\dimen180
\caption@leftmargin=\dimen181
\caption@rightmargin=\dimen182
\caption@width=\dimen183
\caption@indent=\dimen184
\caption@parindent=\dimen185
\caption@hangindent=\dimen186
Package caption Info: Standard document class detected.
)
\c@caption@flags=\count303
\c@continuedfloat=\count304
Package caption Info: hyperref package is loaded.
Package caption Info: longtable package is loaded.
(C:\Users\jipm1\AppData\Local\Programs\MiKTeX\tex/latex/caption\ltcaption.sty
Package: ltcaption 2021/01/08 v1.4c longtable captions (AR)
)) (C:\Users\jipm1\AppData\Local\Programs\MiKTeX\tex/latex/float\float.sty
Package: float 2001/11/08 v1.3d Float enhancements (AL)
\c@float@type=\count305
\float@exts=\toks29
\float@box=\box63
\@float@everytoks=\toks30
\@floatcapt=\box64
) (C:\Users\jipm1\AppData\Local\Programs\MiKTeX\tex/latex/fancyhdr\fancyhdr.sty
Package: fancyhdr 2022/05/18 v4.0.3 Extensive control of page headers and foote
rs
\f@nch@headwidth=\skip64
\f@nch@O@elh=\skip65
\f@nch@O@erh=\skip66
\f@nch@O@olh=\skip67
\f@nch@O@orh=\skip68
\f@nch@O@elf=\skip69
\f@nch@O@erf=\skip70
\f@nch@O@olf=\skip71
\f@nch@O@orf=\skip72
)
(C:\Users\jipm1\AppData\Local\Programs\MiKTeX\tex/latex/fancyhdr\fancyheadings.
sty
Package: fancyheadings 2022/05/18 v4.0.3 Legacy package to call fancyhdr

Package fancyheadings Warning: Please stop using fancyheadings!
(fancyheadings)                Use fancyhdr instead.
(fancyheadings)                We will call fancyhdr with the very same
(fancyheadings)                options you passed to fancyheadings.
(fancyheadings)                
(fancyheadings)                fancyhdr is 99 percent compatible with
(fancyheadings)                fancyheadings. The only incompatibility is
(fancyheadings)                that \headrulewidth and \footrulewidth and
(fancyheadings)                their \plain... versions are no longer length
(fancyheadings)                parameters, but normal macros (to be changed
(fancyheadings)                with \renewcommand rather than \setlength)..

)
(C:\Users\jipm1\AppData\Local\Programs\MiKTeX\tex/latex/l3backend\l3backend-pdf
tex.def
File: l3backend-pdftex.def 2022-07-01 L3 backend support: PDF output (pdfTeX)
\l__color_backend_stack_int=\count306
\l__pdf_internal_box=\box65
) (practica1.aux)
\openout1 = `practica1.aux'.

LaTeX Font Info:    Checking defaults for OML/cmm/m/it on input line 142.
LaTeX Font Info:    ... okay on input line 142.
LaTeX Font Info:    Checking defaults for OMS/cmsy/m/n on input line 142.
LaTeX Font Info:    ... okay on input line 142.
LaTeX Font Info:    Checking defaults for OT1/cmr/m/n on input line 142.
LaTeX Font Info:    ... okay on input line 142.
LaTeX Font Info:    Checking defaults for T1/cmr/m/n on input line 142.
LaTeX Font Info:    ... okay on input line 142.
LaTeX Font Info:    Checking defaults for TS1/cmr/m/n on input line 142.
LaTeX Font Info:    ... okay on input line 142.
LaTeX Font Info:    Checking defaults for OMX/cmex/m/n on input line 142.
LaTeX Font Info:    ... okay on input line 142.
LaTeX Font Info:    Checking defaults for U/cmr/m/n on input line 142.
LaTeX Font Info:    ... okay on input line 142.
LaTeX Font Info:    Checking defaults for PD1/pdf/m/n on input line 142.
LaTeX Font Info:    ... okay on input line 142.
LaTeX Font Info:    Checking defaults for PU/pdf/m/n on input line 142.
LaTeX Font Info:    ... okay on input line 142.
LaTeX Info: Redefining \microtypecontext on input line 142.
Package microtype Info: Applying patch `item' on input line 142.
Package microtype Info: Applying patch `toc' on input line 142.
Package microtype Info: Applying patch `eqnum' on input line 142.
Package microtype Info: Applying patch `footnote' on input line 142.
Package microtype Info: Generating PDF output.
Package microtype Info: Character protrusion enabled (level 2).
Package microtype Info: Using protrusion set `basicmath'.
Package microtype Info: Automatic font expansion enabled (level 2),
(microtype)             stretch: 20, shrink: 20, step: 1, non-selected.
Package microtype Info: Using default expansion set `alltext-nott'.
LaTeX Info: Redefining \showhyphens on input line 142.
Package microtype Info: No adjustment of tracking.
Package microtype Info: No adjustment of interword spacing.
Package microtype Info: No adjustment of character kerning.
(C:\Users\jipm1\AppData\Local\Programs\MiKTeX\tex/latex/microtype\mt-cmr.cfg
File: mt-cmr.cfg 2013/05/19 v2.2 microtype config. file: Computer Modern Roman 
(RS)
)
(C:\Users\jipm1\AppData\Local\Programs\MiKTeX\tex/context/base/mkii\supp-pdf.mk
ii
[Loading MPS to PDF converter (version 2006.09.02).]
\scratchcounter=\count307
\scratchdimen=\dimen187
\scratchbox=\box66
\nofMPsegments=\count308
\nofMParguments=\count309
\everyMPshowfont=\toks31
\MPscratchCnt=\count310
\MPscratchDim=\dimen188
\MPnumerator=\count311
\makeMPintoPDFobject=\count312
\everyMPtoPDFconversion=\toks32
)
(C:\Users\jipm1\AppData\Local\Programs\MiKTeX\tex/latex/epstopdf-pkg\epstopdf-b
ase.sty
Package: epstopdf-base 2020-01-24 v2.11 Base part for package epstopdf
Package epstopdf-base Info: Redefining graphics rule for `.eps' on input line 4
85.

(C:\Users\jipm1\AppData\Local\Programs\MiKTeX\tex/latex/00miktex\epstopdf-sys.c
fg
File: epstopdf-sys.cfg 2021/03/18 v2.0 Configuration of epstopdf for MiKTeX
))
Package hyperref Info: Link coloring OFF on input line 142.
Package caption Info: Begin \AtBeginDocument code.
Package caption Info: float package is loaded.
Package caption Info: End \AtBeginDocument code.
LaTeX Font Info:    Trying to load font information for OT1+lmr on input line 1
44.
(C:\Users\jipm1\AppData\Local\Programs\MiKTeX\tex/latex/lm\ot1lmr.fd
File: ot1lmr.fd 2015/05/01 v1.6.1 Font defs for Latin Modern
)
LaTeX Font Info:    Trying to load font information for OML+lmm on input line 1
44.
(C:\Users\jipm1\AppData\Local\Programs\MiKTeX\tex/latex/lm\omllmm.fd
File: omllmm.fd 2015/05/01 v1.6.1 Font defs for Latin Modern
)
LaTeX Font Info:    Trying to load font information for OMS+lmsy on input line 
144.
(C:\Users\jipm1\AppData\Local\Programs\MiKTeX\tex/latex/lm\omslmsy.fd
File: omslmsy.fd 2015/05/01 v1.6.1 Font defs for Latin Modern
)
LaTeX Font Info:    Trying to load font information for OMX+lmex on input line 
144.
(C:\Users\jipm1\AppData\Local\Programs\MiKTeX\tex/latex/lm\omxlmex.fd
File: omxlmex.fd 2015/05/01 v1.6.1 Font defs for Latin Modern
)
LaTeX Font Info:    External font `lmex10' loaded for size
(Font)              <12> on input line 144.
LaTeX Font Info:    External font `lmex10' loaded for size
(Font)              <8> on input line 144.
LaTeX Font Info:    External font `lmex10' loaded for size
(Font)              <6> on input line 144.
LaTeX Font Info:    Trying to load font information for U+msa on input line 144
.
(C:\Users\jipm1\AppData\Local\Programs\MiKTeX\tex/latex/amsfonts\umsa.fd
File: umsa.fd 2013/01/14 v3.01 AMS symbols A
) (C:\Users\jipm1\AppData\Local\Programs\MiKTeX\tex/latex/microtype\mt-msa.cfg
File: mt-msa.cfg 2006/02/04 v1.1 microtype config. file: AMS symbols (a) (RS)
)
LaTeX Font Info:    Trying to load font information for U+msb on input line 144
.
(C:\Users\jipm1\AppData\Local\Programs\MiKTeX\tex/latex/amsfonts\umsb.fd
File: umsb.fd 2013/01/14 v3.01 AMS symbols B
) (C:\Users\jipm1\AppData\Local\Programs\MiKTeX\tex/latex/microtype\mt-msb.cfg
File: mt-msb.cfg 2005/06/01 v1.0 microtype config. file: AMS symbols (b) (RS)
) [1

{C:/Users/jipm1/AppData/Local/MiKTeX/fonts/map/pdftex/pdftex.map}] (practica1.t
oc)
\tf@toc=\write4
\openout4 = `practica1.toc'.

LaTeX Font Info:    Trying to load font information for T1+lmtt on input line 1
49.
(C:\Users\jipm1\AppData\Local\Programs\MiKTeX\tex/latex/lm\t1lmtt.fd
File: t1lmtt.fd 2015/05/01 v1.6.1 Font defs for Latin Modern
)
Overfull \hbox (43.49887pt too wide) in paragraph at lines 188--188
[]\T1/lmtt/m/n/10 ##                      mpg cyl  disp  hp drat    wt  qsec vs
 am gear carb[] 
 []


Overfull \hbox (43.49887pt too wide) in paragraph at lines 188--188
[]\T1/lmtt/m/n/10 ## Cadillac Fleetwood  10.4   8 472.0 205 2.93 5.250 17.98  0
  0    3    4[] 
 []


Overfull \hbox (43.49887pt too wide) in paragraph at lines 188--188
[]\T1/lmtt/m/n/10 ## Lincoln Continental 10.4   8 460.0 215 3.00 5.424 17.82  0
  0    3    4[] 
 []


Overfull \hbox (43.49887pt too wide) in paragraph at lines 188--188
[]\T1/lmtt/m/n/10 ## Camaro Z28          13.3   8 350.0 245 3.73 3.840 15.41  0
  0    3    4[] 
 []


Overfull \hbox (43.49887pt too wide) in paragraph at lines 188--188
[]\T1/lmtt/m/n/10 ## Duster 360          14.3   8 360.0 245 3.21 3.570 15.84  0
  0    3    4[] 
 []


Overfull \hbox (43.49887pt too wide) in paragraph at lines 188--188
[]\T1/lmtt/m/n/10 ## Chrysler Imperial   14.7   8 440.0 230 3.23 5.345 17.42  0
  0    3    4[] 
 []


Overfull \hbox (43.49887pt too wide) in paragraph at lines 188--188
[]\T1/lmtt/m/n/10 ## Merc 450SLC         15.2   8 275.8 180 3.07 3.780 18.00  0
  0    3    3[] 
 []


Overfull \hbox (43.49887pt too wide) in paragraph at lines 188--188
[]\T1/lmtt/m/n/10 ## AMC Javelin         15.2   8 304.0 150 3.15 3.435 17.30  0
  0    3    2[] 
 []


Overfull \hbox (43.49887pt too wide) in paragraph at lines 188--188
[]\T1/lmtt/m/n/10 ## Dodge Challenger    15.5   8 318.0 150 2.76 3.520 16.87  0
  0    3    2[] 
 []


Overfull \hbox (43.49887pt too wide) in paragraph at lines 188--188
[]\T1/lmtt/m/n/10 ## Merc 450SE          16.4   8 275.8 180 3.07 4.070 17.40  0
  0    3    3[] 
 []


Overfull \hbox (43.49887pt too wide) in paragraph at lines 188--188
[]\T1/lmtt/m/n/10 ## Merc 450SL          17.3   8 275.8 180 3.07 3.730 17.60  0
  0    3    3[] 
 []


Overfull \hbox (43.49887pt too wide) in paragraph at lines 188--188
[]\T1/lmtt/m/n/10 ## Valiant             18.1   6 225.0 105 2.76 3.460 20.22  1
  0    3    1[] 
 []


Overfull \hbox (43.49887pt too wide) in paragraph at lines 188--188
[]\T1/lmtt/m/n/10 ## Hornet Sportabout   18.7   8 360.0 175 3.15 3.440 17.02  0
  0    3    2[] 
 []


Overfull \hbox (43.49887pt too wide) in paragraph at lines 188--188
[]\T1/lmtt/m/n/10 ## Pontiac Firebird    19.2   8 400.0 175 3.08 3.845 17.05  0
  0    3    2[] 
 []


Overfull \hbox (43.49887pt too wide) in paragraph at lines 188--188
[]\T1/lmtt/m/n/10 ## Hornet 4 Drive      21.4   6 258.0 110 3.08 3.215 19.44  1
  0    3    1[] 
 []


Overfull \hbox (43.49887pt too wide) in paragraph at lines 188--188
[]\T1/lmtt/m/n/10 ## Toyota Corona       21.5   4 120.1  97 3.70 2.465 20.01  1
  0    3    1[] 
 []


Overfull \hbox (43.49887pt too wide) in paragraph at lines 188--188
[]\T1/lmtt/m/n/10 ## Merc 280C           17.8   6 167.6 123 3.92 3.440 18.90  1
  0    4    4[] 
 []


Overfull \hbox (43.49887pt too wide) in paragraph at lines 188--188
[]\T1/lmtt/m/n/10 ## Merc 280            19.2   6 167.6 123 3.92 3.440 18.30  1
  0    4    4[] 
 []


Overfull \hbox (43.49887pt too wide) in paragraph at lines 188--188
[]\T1/lmtt/m/n/10 ## Mazda RX4           21.0   6 160.0 110 3.90 2.620 16.46  0
  1    4    4[] 
 []


Overfull \hbox (43.49887pt too wide) in paragraph at lines 188--188
[]\T1/lmtt/m/n/10 ## Mazda RX4 Wag       21.0   6 160.0 110 3.90 2.875 17.02  0
  1    4    4[] 
 []


Overfull \hbox (43.49887pt too wide) in paragraph at lines 188--188
[]\T1/lmtt/m/n/10 ## Volvo 142E          21.4   4 121.0 109 4.11 2.780 18.60  1
  1    4    2[] 
 []


Overfull \hbox (43.49887pt too wide) in paragraph at lines 188--188
[]\T1/lmtt/m/n/10 ## Datsun 710          22.8   4 108.0  93 3.85 2.320 18.61  1
  1    4    1[] 
 []


Overfull \hbox (43.49887pt too wide) in paragraph at lines 188--188
[]\T1/lmtt/m/n/10 ## Merc 230            22.8   4 140.8  95 3.92 3.150 22.90  1
  0    4    2[] 
 []


Overfull \hbox (43.49887pt too wide) in paragraph at lines 188--188
[]\T1/lmtt/m/n/10 ## Merc 240D           24.4   4 146.7  62 3.69 3.190 20.00  1
  0    4    2[] 
 []


Overfull \hbox (43.49887pt too wide) in paragraph at lines 188--188
[]\T1/lmtt/m/n/10 ## Fiat X1-9           27.3   4  79.0  66 4.08 1.935 18.90  1
  1    4    1[] 
 []


Overfull \hbox (43.49887pt too wide) in paragraph at lines 188--188
[]\T1/lmtt/m/n/10 ## Honda Civic         30.4   4  75.7  52 4.93 1.615 18.52  1
  1    4    2[] 
 []


Overfull \hbox (43.49887pt too wide) in paragraph at lines 188--188
[]\T1/lmtt/m/n/10 ## Fiat 128            32.4   4  78.7  66 4.08 2.200 19.47  1
  1    4    1[] 
 []


Overfull \hbox (43.49887pt too wide) in paragraph at lines 188--188
[]\T1/lmtt/m/n/10 ## Toyota Corolla      33.9   4  71.1  65 4.22 1.835 19.90  1
  1    4    1[] 
 []


Overfull \hbox (43.49887pt too wide) in paragraph at lines 188--188
[]\T1/lmtt/m/n/10 ## Maserati Bora       15.0   8 301.0 335 3.54 3.570 14.60  0
  1    5    8[] 
 []


Overfull \hbox (43.49887pt too wide) in paragraph at lines 188--188
[]\T1/lmtt/m/n/10 ## Ford Pantera L      15.8   8 351.0 264 4.22 3.170 14.50  0
  1    5    4[] 
 []


Overfull \hbox (43.49887pt too wide) in paragraph at lines 188--188
[]\T1/lmtt/m/n/10 ## Ferrari Dino        19.7   6 145.0 175 3.62 2.770 15.50  0
  1    5    6[] 
 []


Overfull \hbox (43.49887pt too wide) in paragraph at lines 188--188
[]\T1/lmtt/m/n/10 ## Porsche 914-2       26.0   4 120.3  91 4.43 2.140 16.70  0
  1    5    2[] 
 []


Overfull \hbox (43.49887pt too wide) in paragraph at lines 188--188
[]\T1/lmtt/m/n/10 ## Lotus Europa        30.4   4  95.1 113 3.77 1.513 16.90  1
  1    5    2[] 
 []

LaTeX Font Info:    Trying to load font information for TS1+lmtt on input line 
202.
(C:\Users\jipm1\AppData\Local\Programs\MiKTeX\tex/latex/lm\ts1lmtt.fd
File: ts1lmtt.fd 2015/05/01 v1.6.1 Font defs for Latin Modern
) [2]
Overfull \hbox (43.49887pt too wide) in paragraph at lines 256--256
[]\T1/lmtt/m/n/10 ##                      mpg cyl  disp  hp drat    wt  qsec vs
 am gear carb[] 
 []


Overfull \hbox (43.49887pt too wide) in paragraph at lines 256--256
[]\T1/lmtt/m/n/10 ## Cadillac Fleetwood  10.4   8 472.0 205 2.93 5.250 17.98  0
  0    3    4[] 
 []


Overfull \hbox (43.49887pt too wide) in paragraph at lines 256--256
[]\T1/lmtt/m/n/10 ## Lincoln Continental 10.4   8 460.0 215 3.00 5.424 17.82  0
  0    3    4[] 
 []


Overfull \hbox (43.49887pt too wide) in paragraph at lines 256--256
[]\T1/lmtt/m/n/10 ## Camaro Z28          13.3   8 350.0 245 3.73 3.840 15.41  0
  0    3    4[] 
 []


Overfull \hbox (43.49887pt too wide) in paragraph at lines 256--256
[]\T1/lmtt/m/n/10 ## Duster 360          14.3   8 360.0 245 3.21 3.570 15.84  0
  0    3    4[] 
 []


Overfull \hbox (43.49887pt too wide) in paragraph at lines 256--256
[]\T1/lmtt/m/n/10 ## Chrysler Imperial   14.7   8 440.0 230 3.23 5.345 17.42  0
  0    3    4[] 
 []


Overfull \hbox (43.49887pt too wide) in paragraph at lines 256--256
[]\T1/lmtt/m/n/10 ## Merc 450SLC         15.2   8 275.8 180 3.07 3.780 18.00  0
  0    3    3[] 
 []


Overfull \hbox (43.49887pt too wide) in paragraph at lines 256--256
[]\T1/lmtt/m/n/10 ## AMC Javelin         15.2   8 304.0 150 3.15 3.435 17.30  0
  0    3    2[] 
 []


Overfull \hbox (43.49887pt too wide) in paragraph at lines 256--256
[]\T1/lmtt/m/n/10 ## Dodge Challenger    15.5   8 318.0 150 2.76 3.520 16.87  0
  0    3    2[] 
 []


Overfull \hbox (43.49887pt too wide) in paragraph at lines 256--256
[]\T1/lmtt/m/n/10 ## Merc 450SE          16.4   8 275.8 180 3.07 4.070 17.40  0
  0    3    3[] 
 []


Overfull \hbox (43.49887pt too wide) in paragraph at lines 256--256
[]\T1/lmtt/m/n/10 ## Merc 450SL          17.3   8 275.8 180 3.07 3.730 17.60  0
  0    3    3[] 
 []


Overfull \hbox (43.49887pt too wide) in paragraph at lines 256--256
[]\T1/lmtt/m/n/10 ## Valiant             18.1   6 225.0 105 2.76 3.460 20.22  1
  0    3    1[] 
 []


Overfull \hbox (43.49887pt too wide) in paragraph at lines 256--256
[]\T1/lmtt/m/n/10 ## Hornet Sportabout   18.7   8 360.0 175 3.15 3.440 17.02  0
  0    3    2[] 
 []


Overfull \hbox (43.49887pt too wide) in paragraph at lines 256--256
[]\T1/lmtt/m/n/10 ## Pontiac Firebird    19.2   8 400.0 175 3.08 3.845 17.05  0
  0    3    2[] 
 []


Overfull \hbox (43.49887pt too wide) in paragraph at lines 256--256
[]\T1/lmtt/m/n/10 ## Hornet 4 Drive      21.4   6 258.0 110 3.08 3.215 19.44  1
  0    3    1[] 
 []


Overfull \hbox (43.49887pt too wide) in paragraph at lines 256--256
[]\T1/lmtt/m/n/10 ## Toyota Corona       21.5   4 120.1  97 3.70 2.465 20.01  1
  0    3    1[] 
 []


Overfull \hbox (43.49887pt too wide) in paragraph at lines 256--256
[]\T1/lmtt/m/n/10 ## Merc 280C           17.8   6 167.6 123 3.92 3.440 18.90  1
  0    4    4[] 
 []


Overfull \hbox (43.49887pt too wide) in paragraph at lines 256--256
[]\T1/lmtt/m/n/10 ## Merc 280            19.2   6 167.6 123 3.92 3.440 18.30  1
  0    4    4[] 
 []


Overfull \hbox (43.49887pt too wide) in paragraph at lines 256--256
[]\T1/lmtt/m/n/10 ## Mazda RX4           21.0   6 160.0 110 3.90 2.620 16.46  0
  1    4    4[] 
 []


Overfull \hbox (43.49887pt too wide) in paragraph at lines 256--256
[]\T1/lmtt/m/n/10 ## Mazda RX4 Wag       21.0   6 160.0 110 3.90 2.875 17.02  0
  1    4    4[] 
 []


Overfull \hbox (43.49887pt too wide) in paragraph at lines 256--256
[]\T1/lmtt/m/n/10 ## Volvo 142E          21.4   4 121.0 109 4.11 2.780 18.60  1
  1    4    2[] 
 []


Overfull \hbox (43.49887pt too wide) in paragraph at lines 256--256
[]\T1/lmtt/m/n/10 ## Datsun 710          22.8   4 108.0  93 3.85 2.320 18.61  1
  1    4    1[] 
 []


Overfull \hbox (43.49887pt too wide) in paragraph at lines 256--256
[]\T1/lmtt/m/n/10 ## Merc 230            22.8   4 140.8  95 3.92 3.150 22.90  1
  0    4    2[] 
 []


Overfull \hbox (43.49887pt too wide) in paragraph at lines 256--256
[]\T1/lmtt/m/n/10 ## Merc 240D           24.4   4 146.7  62 3.69 3.190 20.00  1
  0    4    2[] 
 []


Overfull \hbox (43.49887pt too wide) in paragraph at lines 256--256
[]\T1/lmtt/m/n/10 ## Fiat X1-9           27.3   4  79.0  66 4.08 1.935 18.90  1
  1    4    1[] 
 []


Overfull \hbox (43.49887pt too wide) in paragraph at lines 256--256
[]\T1/lmtt/m/n/10 ## Honda Civic         30.4   4  75.7  52 4.93 1.615 18.52  1
  1    4    2[] 
 []


Overfull \hbox (43.49887pt too wide) in paragraph at lines 256--256
[]\T1/lmtt/m/n/10 ## Fiat 128            32.4   4  78.7  66 4.08 2.200 19.47  1
  1    4    1[] 
 []


Overfull \hbox (43.49887pt too wide) in paragraph at lines 256--256
[]\T1/lmtt/m/n/10 ## Toyota Corolla      33.9   4  71.1  65 4.22 1.835 19.90  1
  1    4    1[] 
 []


Overfull \hbox (43.49887pt too wide) in paragraph at lines 256--256
[]\T1/lmtt/m/n/10 ## Maserati Bora       15.0   8 301.0 335 3.54 3.570 14.60  0
  1    5    8[] 
 []


Overfull \hbox (43.49887pt too wide) in paragraph at lines 256--256
[]\T1/lmtt/m/n/10 ## Ford Pantera L      15.8   8 351.0 264 4.22 3.170 14.50  0
  1    5    4[] 
 []


Overfull \hbox (43.49887pt too wide) in paragraph at lines 256--256
[]\T1/lmtt/m/n/10 ## Ferrari Dino        19.7   6 145.0 175 3.62 2.770 15.50  0
  1    5    6[] 
 []


Overfull \hbox (43.49887pt too wide) in paragraph at lines 256--256
[]\T1/lmtt/m/n/10 ## Porsche 914-2       26.0   4 120.3  91 4.43 2.140 16.70  0
  1    5    2[] 
 []


Overfull \hbox (43.49887pt too wide) in paragraph at lines 256--256
[]\T1/lmtt/m/n/10 ## Lotus Europa        30.4   4  95.1 113 3.77 1.513 16.90  1
  1    5    2[] 
 []

[3]
Overfull \hbox (43.49887pt too wide) in paragraph at lines 286--286
[]\T1/lmtt/m/n/10 ##                      mpg cyl  disp  hp drat    wt  qsec vs
 am gear carb[] 
 []


Overfull \hbox (43.49887pt too wide) in paragraph at lines 286--286
[]\T1/lmtt/m/n/10 ## Hornet 4 Drive      21.4   6 258.0 110 3.08 3.215 19.44  1
  0    3    1[] 
 []


Overfull \hbox (43.49887pt too wide) in paragraph at lines 286--286
[]\T1/lmtt/m/n/10 ## Hornet Sportabout   18.7   8 360.0 175 3.15 3.440 17.02  0
  0    3    2[] 
 []


Overfull \hbox (43.49887pt too wide) in paragraph at lines 286--286
[]\T1/lmtt/m/n/10 ## Valiant             18.1   6 225.0 105 2.76 3.460 20.22  1
  0    3    1[] 
 []


Overfull \hbox (43.49887pt too wide) in paragraph at lines 286--286
[]\T1/lmtt/m/n/10 ## Duster 360          14.3   8 360.0 245 3.21 3.570 15.84  0
  0    3    4[] 
 []


Overfull \hbox (43.49887pt too wide) in paragraph at lines 286--286
[]\T1/lmtt/m/n/10 ## Merc 450SE          16.4   8 275.8 180 3.07 4.070 17.40  0
  0    3    3[] 
 []


Overfull \hbox (43.49887pt too wide) in paragraph at lines 286--286
[]\T1/lmtt/m/n/10 ## Merc 450SL          17.3   8 275.8 180 3.07 3.730 17.60  0
  0    3    3[] 
 []


Overfull \hbox (43.49887pt too wide) in paragraph at lines 286--286
[]\T1/lmtt/m/n/10 ## Merc 450SLC         15.2   8 275.8 180 3.07 3.780 18.00  0
  0    3    3[] 
 []


Overfull \hbox (43.49887pt too wide) in paragraph at lines 286--286
[]\T1/lmtt/m/n/10 ## Cadillac Fleetwood  10.4   8 472.0 205 2.93 5.250 17.98  0
  0    3    4[] 
 []


Overfull \hbox (43.49887pt too wide) in paragraph at lines 286--286
[]\T1/lmtt/m/n/10 ## Lincoln Continental 10.4   8 460.0 215 3.00 5.424 17.82  0
  0    3    4[] 
 []


Overfull \hbox (43.49887pt too wide) in paragraph at lines 286--286
[]\T1/lmtt/m/n/10 ## Chrysler Imperial   14.7   8 440.0 230 3.23 5.345 17.42  0
  0    3    4[] 
 []

<practica1_files/figure-latex/unnamed-chunk-4-1.pdf, id=28, 469.755pt x 325.215
pt>
File: practica1_files/figure-latex/unnamed-chunk-4-1.pdf Graphic file (type pdf
)
<use practica1_files/figure-latex/unnamed-chunk-4-1.pdf>
Package pdftex.def Info: practica1_files/figure-latex/unnamed-chunk-4-1.pdf  us
ed on input line 301.
(pdftex.def)             Requested size: 344.997pt x 238.84406pt.
[4]
Underfull \vbox (badness 1406) detected at line 345
 []

[5 <./practica1_files/figure-latex/unnamed-chunk-4-1.pdf>]
Overfull \hbox (90.74873pt too wide) in paragraph at lines 356--356
[]\T1/lmtt/m/n/10 ## -- Column specification ----------------------------------
----------------------[] 
 []


Overfull \hbox (43.49887pt too wide) in paragraph at lines 356--356
[]\T1/lmtt/m/n/10 ## i Use \TS1/lmtt/m/n/10 `\T1/lmtt/m/n/10 spec()\TS1/lmtt/m/
n/10 ` \T1/lmtt/m/n/10 to retrieve the full column specification for this data.
[] 
 []


Overfull \hbox (95.99872pt too wide) in paragraph at lines 356--356
[]\T1/lmtt/m/n/10 ## i Specify the column types or set \TS1/lmtt/m/n/10 `\T1/lm
tt/m/n/10 show_col_types = FALSE\TS1/lmtt/m/n/10 ` \T1/lmtt/m/n/10 to quiet thi
s message.[] 
 []

<practica1_files/figure-latex/unnamed-chunk-8-1.pdf, id=50, 469.755pt x 325.215
pt>
File: practica1_files/figure-latex/unnamed-chunk-8-1.pdf Graphic file (type pdf
)
<use practica1_files/figure-latex/unnamed-chunk-8-1.pdf>
Package pdftex.def Info: practica1_files/figure-latex/unnamed-chunk-8-1.pdf  us
ed on input line 398.
(pdftex.def)             Requested size: 344.997pt x 238.84406pt.
[6]
Overfull \hbox (363.74794pt too wide) in paragraph at lines 418--418
[]\T1/lmtt/m/n/10 ## + "C:/Users/jipm1/AppData/Local/r-miniconda/condabin/conda
.bat" "install" "--yes" "--name" "r-reticulate" "-c" "conda-forge" "numpy"[] 
 []


Overfull \hbox (90.74873pt too wide) in paragraph at lines 452--452
[]\T1/lmtt/m/n/10 ##   VOTACION_1 VOTACIO~1 VOTAC~2 VOTAC~3  SV_1  SV_2 MB_P1_1
 MB_P1_2 MB_P1_3 MB_P2[] 
 []


Overfull \hbox (90.74873pt too wide) in paragraph at lines 452--452
[]\T1/lmtt/m/n/10 ##        <dbl>     <dbl>   <dbl>   <dbl> <dbl> <dbl>   <dbl>
   <dbl>   <dbl> <dbl>[] 
 []


Overfull \hbox (90.74873pt too wide) in paragraph at lines 452--452
[]\T1/lmtt/m/n/10 ## 1         10         4       4       4     8     3       3
       5       7     1[] 
 []


Overfull \hbox (90.74873pt too wide) in paragraph at lines 452--452
[]\T1/lmtt/m/n/10 ## 2          2         3       3       3    10     5      10
       1       2     2[] 
 []


Overfull \hbox (90.74873pt too wide) in paragraph at lines 452--452
[]\T1/lmtt/m/n/10 ## 3          8         5       1       5    10    10      11
      10       7     4[] 
 []


Overfull \hbox (90.74873pt too wide) in paragraph at lines 452--452
[]\T1/lmtt/m/n/10 ## 4          7         2       2       2     8     5       7
      12       6     3[] 
 []


Overfull \hbox (90.74873pt too wide) in paragraph at lines 452--452
[]\T1/lmtt/m/n/10 ## 5          7         2       2       2     5     5      13
       1      11     2[] 
 []


Overfull \hbox (90.74873pt too wide) in paragraph at lines 452--452
[]\T1/lmtt/m/n/10 ## 6          7         2       2       2     9     5      11
       1       5     2[] 
 []


Overfull \hbox (32.9989pt too wide) in paragraph at lines 452--452
[]\T1/lmtt/m/n/10 ## # ... with 210 more variables: MB_P3 <dbl>, MB_P4 <dbl>, M
B_P5 <dbl>,[] 
 []


Overfull \hbox (32.9989pt too wide) in paragraph at lines 452--452
[]\T1/lmtt/m/n/10 ## #   MB_P6 <dbl>, MB_P7 <dbl>, MB_P8 <dbl>, MB_P9 <dbl>, MB
_P10 <dbl>,[] 
 []


Overfull \hbox (64.49881pt too wide) in paragraph at lines 452--452
[]\T1/lmtt/m/n/10 ## #   MB_P11 <dbl>, MB_P12 <dbl>, MB_P12A <dbl>, MB_P13 <dbl
>, MB_P13A <dbl>,[] 
 []


Overfull \hbox (6.74898pt too wide) in paragraph at lines 452--452
[]\T1/lmtt/m/n/10 ## #   MB_P14 <dbl>, MB_P14A <dbl>, MB_P15_A <dbl>, MB_P15_B 
<dbl>,[] 
 []


Overfull \hbox (22.49893pt too wide) in paragraph at lines 452--452
[]\T1/lmtt/m/n/10 ## #   MB_P15_C <dbl>, MB_P15_D <dbl>, MB_P15_E <dbl>, MB_P15
_F <dbl>,[] 
 []

[7 <./practica1_files/figure-latex/unnamed-chunk-8-1.pdf>]
Overfull \hbox (22.49893pt too wide) in paragraph at lines 452--452
[]\T1/lmtt/m/n/10 ## #   MB_P15_G <dbl>, MB_P15_H <dbl>, MB_P15_I <dbl>, MB_P15
_J <dbl>,[] 
 []


Overfull \hbox (43.49887pt too wide) in paragraph at lines 452--452
[]\T1/lmtt/m/n/10 ## #   MB_P15_K <dbl>, MB_P15_L <dbl>, MB_P15_M <dbl>, MB_P15
_N <dbl>, ...[] 
 []


Overfull \hbox (74.99878pt too wide) in paragraph at lines 480--480
[]\T1/lmtt/m/n/10 ##     pond  sexo region  edad satisfaccion_vida satisfaccion
_chilenos eval_econ[] 
 []


Overfull \hbox (74.99878pt too wide) in paragraph at lines 480--480
[]\T1/lmtt/m/n/10 ##    <dbl> <dbl>  <dbl> <dbl>             <dbl>             
    <dbl>     <dbl>[] 
 []


Overfull \hbox (74.99878pt too wide) in paragraph at lines 480--480
[]\T1/lmtt/m/n/10 ##  1 1.34      2     13    18                 8             
        3         1[] 
 []


Overfull \hbox (74.99878pt too wide) in paragraph at lines 480--480
[]\T1/lmtt/m/n/10 ##  2 1.27      2      1    57                10             
        5         2[] 
 []


Overfull \hbox (74.99878pt too wide) in paragraph at lines 480--480
[]\T1/lmtt/m/n/10 ##  3 0.605     2     14    25                10             
       10         4[] 
 []


Overfull \hbox (74.99878pt too wide) in paragraph at lines 480--480
[]\T1/lmtt/m/n/10 ##  4 1.03      2     13    37                 8             
        5         3[] 
 []


Overfull \hbox (74.99878pt too wide) in paragraph at lines 480--480
[]\T1/lmtt/m/n/10 ##  5 0.675     2     14    50                 5             
        5         2[] 
 []


Overfull \hbox (74.99878pt too wide) in paragraph at lines 480--480
[]\T1/lmtt/m/n/10 ##  6 0.292     2      8    60                 9             
        5         2[] 
 []


Overfull \hbox (74.99878pt too wide) in paragraph at lines 480--480
[]\T1/lmtt/m/n/10 ##  7 0.694     2      9    66                 9             
        5         4[] 
 []


Overfull \hbox (74.99878pt too wide) in paragraph at lines 480--480
[]\T1/lmtt/m/n/10 ##  8 1.34      2     13    19                 6             
        8         2[] 
 []


Overfull \hbox (74.99878pt too wide) in paragraph at lines 480--480
[]\T1/lmtt/m/n/10 ##  9 0.787     2      7    34                 6             
        7         3[] 
 []


Overfull \hbox (74.99878pt too wide) in paragraph at lines 480--480
[]\T1/lmtt/m/n/10 ## 10 1.03      2     13    39                10             
       10         3[] 
 []

[8] [9]
Overfull \hbox (143.24858pt too wide) in paragraph at lines 656--656
[]\T1/lmtt/m/n/10 ## Suggestions and bug-reports can be submitted at: https://g
ithub.com/statistikat/VIM/issues[] 
 []


Overfull \hbox (90.74873pt too wide) in paragraph at lines 688--688
[]\T1/lmtt/m/n/10 ##   name  genus vore  order conse~1 sleep~2 sleep~3 sleep~4 
awake  brainwt  bodywt[] 
 []


Overfull \hbox (90.74873pt too wide) in paragraph at lines 688--688
[]\T1/lmtt/m/n/10 ##   <chr> <chr> <chr> <chr> <chr>     <dbl>   <dbl>   <dbl> 
<dbl>    <dbl>   <dbl>[] 
 []


Overfull \hbox (69.7488pt too wide) in paragraph at lines 688--688
[]\T1/lmtt/m/n/10 ## 1 Chee~ Acin~ carni Carn~ lc         12.1    NA    NA     
 11.9 NA        50[] 
 []


Overfull \hbox (85.49875pt too wide) in paragraph at lines 688--688
[]\T1/lmtt/m/n/10 ## 2 Owl ~ Aotus omni  Prim~ <NA>       17       1.8  NA     
  7    0.0155    0.48[] 
 []


Overfull \hbox (85.49875pt too wide) in paragraph at lines 688--688
[]\T1/lmtt/m/n/10 ## 3 Moun~ Aplo~ herbi Rode~ nt         14.4     2.4  NA     
  9.6 NA         1.35[] 
 []


Overfull \hbox (90.74873pt too wide) in paragraph at lines 688--688
[]\T1/lmtt/m/n/10 ## 4 Grea~ Blar~ omni  Sori~ lc         14.9     2.3   0.133 
  9.1  0.00029   0.019[] 
 []


Overfull \hbox (69.7488pt too wide) in paragraph at lines 688--688
[]\T1/lmtt/m/n/10 ## 5 Cow   Bos   herbi Arti~ domest~     4       0.7   0.667 
 20    0.423   600[] 
 []


Overfull \hbox (85.49875pt too wide) in paragraph at lines 688--688
[]\T1/lmtt/m/n/10 ## 6 Thre~ Brad~ herbi Pilo~ <NA>       14.4     2.2   0.767 
  9.6 NA         3.85[] 
 []


Overfull \hbox (38.24889pt too wide) in paragraph at lines 688--688
[]\T1/lmtt/m/n/10 ## # ... with abbreviated variable names 1: conservation, 2: 
sleep_total,[] 
 []


Overfull \hbox (43.49887pt too wide) in paragraph at lines 726--726
[]\T1/lmtt/m/n/10 ##                         name      genus  vore        order
 conservation[] 
 []


Overfull \hbox (43.49887pt too wide) in paragraph at lines 726--726
[]\T1/lmtt/m/n/10 ## 1                    Cheetah   Acinonyx carni    Carnivora
           lc[] 
 []


Overfull \hbox (43.49887pt too wide) in paragraph at lines 726--726
[]\T1/lmtt/m/n/10 ## 2                 Owl monkey      Aotus  omni     Primates
           lc[] 
 []


Overfull \hbox (43.49887pt too wide) in paragraph at lines 726--726
[]\T1/lmtt/m/n/10 ## 3            Mountain beaver Aplodontia herbi     Rodentia
           nt[] 
 []


Overfull \hbox (43.49887pt too wide) in paragraph at lines 726--726
[]\T1/lmtt/m/n/10 ## 4 Greater short-tailed shrew    Blarina  omni Soricomorpha
           lc[] 
 []


Overfull \hbox (43.49887pt too wide) in paragraph at lines 726--726
[]\T1/lmtt/m/n/10 ## 5                        Cow        Bos herbi Artiodactyla
 domesticated[] 
 []


Overfull \hbox (43.49887pt too wide) in paragraph at lines 726--726
[]\T1/lmtt/m/n/10 ## 6           Three-toed sloth   Bradypus herbi       Pilosa
           vu[] 
 []


Overfull \hbox (69.7488pt too wide) in paragraph at lines 726--726
[]\T1/lmtt/m/n/10 ##   sleep_total sleep_rem sleep_cycle awake brainwt  bodywt 
name_imp genus_imp[] 
 []


Overfull \hbox (69.7488pt too wide) in paragraph at lines 726--726
[]\T1/lmtt/m/n/10 ## 1        12.1       0.7   0.3833333  11.9 0.01750  50.000 
   FALSE     FALSE[] 
 []


Overfull \hbox (69.7488pt too wide) in paragraph at lines 726--726
[]\T1/lmtt/m/n/10 ## 2        17.0       1.8   0.1833333   7.0 0.01550   0.480 
   FALSE     FALSE[] 
 []


Overfull \hbox (69.7488pt too wide) in paragraph at lines 726--726
[]\T1/lmtt/m/n/10 ## 3        14.4       2.4   0.2166667   9.6 0.00100   1.350 
   FALSE     FALSE[] 
 []

[10]
Overfull \hbox (69.7488pt too wide) in paragraph at lines 726--726
[]\T1/lmtt/m/n/10 ## 4        14.9       2.3   0.1333333   9.1 0.00029   0.019 
   FALSE     FALSE[] 
 []


Overfull \hbox (69.7488pt too wide) in paragraph at lines 726--726
[]\T1/lmtt/m/n/10 ## 5         4.0       0.7   0.6666667  20.0 0.42300 600.000 
   FALSE     FALSE[] 
 []


Overfull \hbox (69.7488pt too wide) in paragraph at lines 726--726
[]\T1/lmtt/m/n/10 ## 6        14.4       2.2   0.7666667   9.6 0.00400   3.850 
   FALSE     FALSE[] 
 []


Overfull \hbox (22.49893pt too wide) in paragraph at lines 726--726
[]\T1/lmtt/m/n/10 ##   vore_imp order_imp conservation_imp sleep_total_imp slee
p_rem_imp[] 
 []


Overfull \hbox (22.49893pt too wide) in paragraph at lines 726--726
[]\T1/lmtt/m/n/10 ## 1    FALSE     FALSE            FALSE           FALSE     
     TRUE[] 
 []


Overfull \hbox (22.49893pt too wide) in paragraph at lines 726--726
[]\T1/lmtt/m/n/10 ## 2    FALSE     FALSE             TRUE           FALSE     
    FALSE[] 
 []


Overfull \hbox (22.49893pt too wide) in paragraph at lines 726--726
[]\T1/lmtt/m/n/10 ## 3    FALSE     FALSE            FALSE           FALSE     
    FALSE[] 
 []


Overfull \hbox (22.49893pt too wide) in paragraph at lines 726--726
[]\T1/lmtt/m/n/10 ## 4    FALSE     FALSE            FALSE           FALSE     
    FALSE[] 
 []


Overfull \hbox (22.49893pt too wide) in paragraph at lines 726--726
[]\T1/lmtt/m/n/10 ## 5    FALSE     FALSE            FALSE           FALSE     
    FALSE[] 
 []


Overfull \hbox (22.49893pt too wide) in paragraph at lines 726--726
[]\T1/lmtt/m/n/10 ## 6    FALSE     FALSE             TRUE           FALSE     
    FALSE[] 
 []


! LaTeX Error: Can be used only in preamble.

See the LaTeX manual or LaTeX Companion for explanation.
Type  H <return>  for immediate help.
 ...                                              
                                                  
l.731 \usepackage
                 {longtable} 
Here is how much of TeX's memory you used:
 16412 strings out of 478300
 272817 string characters out of 2834999
 632348 words of memory out of 3000000
 34524 multiletter control sequences out of 15000+600000
 512935 words of font info for 80 fonts, out of 8000000 for 9000
 1141 hyphenation exceptions out of 8191
 74i,12n,81p,1008b,645s stack positions out of 10000i,1000n,20000p,200000b,80000s

!  ==> Fatal error occurred, no output PDF file produced!
